INFO:django.utils.autoreload:Watching for file changes with StatReloader
INFO:root:Hitting database and adding to cache for Whats on posts at access level 3
INFO:django.utils.autoreload:/home/ash/PycharmProjects/ImpactWebsite/ImpactWebsite/__init__.py changed, reloading.
INFO:django.utils.autoreload:Watching for file changes with StatReloader
INFO:root:Hitting database and adding to cache for Whats on posts at access level 3
INFO:django.utils.autoreload:Watching for file changes with StatReloader
WARNING:django.request:Not Found: /favicon.ico
WARNING:root:Had to update access level for TheGoldKnight23 from 1 to 2
INFO:root:Hitting database and adding to cache for Whats on posts at access level 2
INFO:root:Hitting database and adding to cache for Whats on posts at access level 3
INFO:django.utils.autoreload:Watching for file changes with StatReloader
WARNING:django.request:Not Found: /favicon.ico
INFO:root:Hitting database and adding to cache for Whats on posts at access level 3
INFO:django.utils.autoreload:/home/ash/PycharmProjects/ImpactWebsite/auth_system/admin.py changed, reloading.
INFO:django.utils.autoreload:Watching for file changes with StatReloader
WARNING:django.request:Not Found: /favicon.ico
INFO:django.utils.autoreload:Watching for file changes with StatReloader
WARNING:django.request:Not Found: /favicon.ico
WARNING:django.request:Not Found: /favicon.ico
INFO:root:Hitting database and adding to cache for Whats on posts at access level 3
INFO:root:Hitting cache for Whats on posts at access level 3
INFO:root:Hitting cache for Whats on posts at access level 3
INFO:root:Hitting cache for Whats on posts at access level 3
WARNING:django.request:Not Found: /favicon.ico
INFO:root:Hitting database and adding to cache for Whats on posts at access level 3
WARNING:django.request:Not Found: /favicon.ico
INFO:root:Hitting cache for Whats on posts at access level 3
INFO:django.utils.autoreload:Watching for file changes with StatReloader
INFO:django.utils.autoreload:Watching for file changes with StatReloader
INFO:django.utils.autoreload:Watching for file changes with StatReloader
INFO:django.utils.autoreload:/home/ash/PycharmProjects/ImpactWebsite/api/urls.py changed, reloading.
INFO:django.utils.autoreload:Watching for file changes with StatReloader
INFO:django.utils.autoreload:Watching for file changes with StatReloader
WARNING:django.request:Not Found: /api/auth/logmein
WARNING:django.request:Not Found: /favicon.ico
INFO:django.utils.autoreload:/home/ash/PycharmProjects/ImpactWebsite/api/views.py changed, reloading.
INFO:django.utils.autoreload:Watching for file changes with StatReloader
INFO:django.utils.autoreload:Watching for file changes with StatReloader
INFO:django.utils.autoreload:Watching for file changes with StatReloader
INFO:django.utils.autoreload:Watching for file changes with StatReloader
INFO:django.utils.autoreload:/home/ash/PycharmProjects/ImpactWebsite/api/urls.py changed, reloading.
INFO:django.utils.autoreload:/home/ash/PycharmProjects/ImpactWebsite/ImpactWebsite/settings.py changed, reloading.
INFO:django.utils.autoreload:Watching for file changes with StatReloader
INFO:django.utils.autoreload:Watching for file changes with StatReloader
INFO:django.utils.autoreload:/home/ash/PycharmProjects/ImpactWebsite/api/serializers.py changed, reloading.
INFO:django.utils.autoreload:Watching for file changes with StatReloader
INFO:django.utils.autoreload:/home/ash/PycharmProjects/ImpactWebsite/api/views.py changed, reloading.
INFO:django.utils.autoreload:Watching for file changes with StatReloader
INFO:django.utils.autoreload:/home/ash/PycharmProjects/ImpactWebsite/api/views.py changed, reloading.
INFO:django.utils.autoreload:Watching for file changes with StatReloader
INFO:django.utils.autoreload:/home/ash/PycharmProjects/ImpactWebsite/api/views.py changed, reloading.
INFO:django.utils.autoreload:Watching for file changes with StatReloader
INFO:django.utils.autoreload:Watching for file changes with StatReloader
WARNING:django.request:Not Found: /favicon.ico
WARNING:django.request:Not Found: /api/posting/get
INFO:django.utils.autoreload:/home/ash/PycharmProjects/ImpactWebsite/api/urls.py changed, reloading.
INFO:django.utils.autoreload:Watching for file changes with StatReloader
ERROR:django.request:Internal Server Error: /api/posting/get/1
Traceback (most recent call last):
  File "/home/ash/miniconda3/envs/ImpactWebsite/lib/python3.7/site-packages/django/core/handlers/exception.py", line 34, in inner
    response = get_response(request)
  File "/home/ash/miniconda3/envs/ImpactWebsite/lib/python3.7/site-packages/django/core/handlers/base.py", line 115, in _get_response
    response = self.process_exception_by_middleware(e, request)
  File "/home/ash/miniconda3/envs/ImpactWebsite/lib/python3.7/site-packages/django/core/handlers/base.py", line 113, in _get_response
    response = wrapped_callback(request, *callback_args, **callback_kwargs)
TypeError: as_view() takes 1 positional argument but 2 were given
WARNING:django.request:Not Found: /favicon.ico
INFO:django.utils.autoreload:/home/ash/PycharmProjects/ImpactWebsite/api/urls.py changed, reloading.
INFO:django.utils.autoreload:Watching for file changes with StatReloader
INFO:root:Hitting database and adding to cache for Whats on posts at access level 0
ERROR:django.request:Internal Server Error: /api/posting/get/1
Traceback (most recent call last):
  File "/home/ash/miniconda3/envs/ImpactWebsite/lib/python3.7/site-packages/django/core/handlers/exception.py", line 34, in inner
    response = get_response(request)
  File "/home/ash/miniconda3/envs/ImpactWebsite/lib/python3.7/site-packages/django/core/handlers/base.py", line 115, in _get_response
    response = self.process_exception_by_middleware(e, request)
  File "/home/ash/miniconda3/envs/ImpactWebsite/lib/python3.7/site-packages/django/core/handlers/base.py", line 113, in _get_response
    response = wrapped_callback(request, *callback_args, **callback_kwargs)
  File "/home/ash/miniconda3/envs/ImpactWebsite/lib/python3.7/site-packages/django/views/decorators/csrf.py", line 54, in wrapped_view
    return view_func(*args, **kwargs)
  File "/home/ash/miniconda3/envs/ImpactWebsite/lib/python3.7/site-packages/django/views/generic/base.py", line 71, in view
    return self.dispatch(request, *args, **kwargs)
  File "/home/ash/miniconda3/envs/ImpactWebsite/lib/python3.7/site-packages/rest_framework/views.py", line 505, in dispatch
    response = self.handle_exception(exc)
  File "/home/ash/miniconda3/envs/ImpactWebsite/lib/python3.7/site-packages/rest_framework/views.py", line 465, in handle_exception
    self.raise_uncaught_exception(exc)
  File "/home/ash/miniconda3/envs/ImpactWebsite/lib/python3.7/site-packages/rest_framework/views.py", line 476, in raise_uncaught_exception
    raise exc
  File "/home/ash/miniconda3/envs/ImpactWebsite/lib/python3.7/site-packages/rest_framework/views.py", line 502, in dispatch
    response = handler(request, *args, **kwargs)
  File "/home/ash/PycharmProjects/ImpactWebsite/api/views.py", line 79, in get
    return http.JsonResponse(serialized)
  File "/home/ash/miniconda3/envs/ImpactWebsite/lib/python3.7/site-packages/django/http/response.py", line 552, in __init__
    'In order to allow non-dict objects to be serialized set the '
TypeError: In order to allow non-dict objects to be serialized set the safe parameter to False.
WARNING:django.request:Not Found: /favicon.ico
INFO:django.utils.autoreload:/home/ash/PycharmProjects/ImpactWebsite/api/views.py changed, reloading.
INFO:django.utils.autoreload:Watching for file changes with StatReloader
INFO:root:Hitting database and adding to cache for Whats on posts at access level 0
ERROR:django.request:Internal Server Error: /api/posting/get/1
Traceback (most recent call last):
  File "/home/ash/miniconda3/envs/ImpactWebsite/lib/python3.7/site-packages/django/core/handlers/exception.py", line 34, in inner
    response = get_response(request)
  File "/home/ash/miniconda3/envs/ImpactWebsite/lib/python3.7/site-packages/django/core/handlers/base.py", line 115, in _get_response
    response = self.process_exception_by_middleware(e, request)
  File "/home/ash/miniconda3/envs/ImpactWebsite/lib/python3.7/site-packages/django/core/handlers/base.py", line 113, in _get_response
    response = wrapped_callback(request, *callback_args, **callback_kwargs)
  File "/home/ash/miniconda3/envs/ImpactWebsite/lib/python3.7/site-packages/django/views/decorators/csrf.py", line 54, in wrapped_view
    return view_func(*args, **kwargs)
  File "/home/ash/miniconda3/envs/ImpactWebsite/lib/python3.7/site-packages/django/views/generic/base.py", line 71, in view
    return self.dispatch(request, *args, **kwargs)
  File "/home/ash/miniconda3/envs/ImpactWebsite/lib/python3.7/site-packages/rest_framework/views.py", line 505, in dispatch
    response = self.handle_exception(exc)
  File "/home/ash/miniconda3/envs/ImpactWebsite/lib/python3.7/site-packages/rest_framework/views.py", line 465, in handle_exception
    self.raise_uncaught_exception(exc)
  File "/home/ash/miniconda3/envs/ImpactWebsite/lib/python3.7/site-packages/rest_framework/views.py", line 476, in raise_uncaught_exception
    raise exc
  File "/home/ash/miniconda3/envs/ImpactWebsite/lib/python3.7/site-packages/rest_framework/views.py", line 502, in dispatch
    response = handler(request, *args, **kwargs)
  File "/home/ash/PycharmProjects/ImpactWebsite/api/views.py", line 79, in get
    return http.JsonResponse(serialized, safe=False)
  File "/home/ash/miniconda3/envs/ImpactWebsite/lib/python3.7/site-packages/django/http/response.py", line 558, in __init__
    data = json.dumps(data, cls=encoder, **json_dumps_params)
  File "/home/ash/miniconda3/envs/ImpactWebsite/lib/python3.7/json/__init__.py", line 238, in dumps
    **kw).encode(obj)
  File "/home/ash/miniconda3/envs/ImpactWebsite/lib/python3.7/json/encoder.py", line 199, in encode
    chunks = self.iterencode(o, _one_shot=True)
  File "/home/ash/miniconda3/envs/ImpactWebsite/lib/python3.7/json/encoder.py", line 257, in iterencode
    return _iterencode(o, 0)
  File "/home/ash/miniconda3/envs/ImpactWebsite/lib/python3.7/site-packages/django/core/serializers/json.py", line 104, in default
    return super().default(o)
  File "/home/ash/miniconda3/envs/ImpactWebsite/lib/python3.7/json/encoder.py", line 179, in default
    raise TypeError(f'Object of type {o.__class__.__name__} '
TypeError: Object of type ListSerializer is not JSON serializable
WARNING:django.request:Not Found: /favicon.ico
INFO:django.utils.autoreload:/home/ash/PycharmProjects/ImpactWebsite/api/views.py changed, reloading.
INFO:django.utils.autoreload:Watching for file changes with StatReloader
INFO:root:Hitting database and adding to cache for Whats on posts at access level 0
INFO:root:Hitting database and adding to cache for Whats on posts at access level 0
INFO:django.utils.autoreload:/home/ash/PycharmProjects/ImpactWebsite/api/serializers.py changed, reloading.
INFO:django.utils.autoreload:Watching for file changes with StatReloader
INFO:root:Hitting database and adding to cache for Whats on posts at access level 0
INFO:django.utils.autoreload:/home/ash/PycharmProjects/ImpactWebsite/api/serializers.py changed, reloading.
INFO:django.utils.autoreload:Watching for file changes with StatReloader
INFO:django.utils.autoreload:/home/ash/PycharmProjects/ImpactWebsite/api/serializers.py changed, reloading.
INFO:django.utils.autoreload:Watching for file changes with StatReloader
INFO:django.utils.autoreload:/home/ash/PycharmProjects/ImpactWebsite/api/serializers.py changed, reloading.
INFO:django.utils.autoreload:Watching for file changes with StatReloader
INFO:root:Hitting database and adding to cache for Whats on posts at access level 0
INFO:django.utils.autoreload:/home/ash/PycharmProjects/ImpactWebsite/api/serializers.py changed, reloading.
INFO:django.utils.autoreload:Watching for file changes with StatReloader
INFO:root:Hitting database and adding to cache for Whats on posts at access level 0
INFO:django.utils.autoreload:/home/ash/PycharmProjects/ImpactWebsite/api/serializers.py changed, reloading.
INFO:django.utils.autoreload:Watching for file changes with StatReloader
INFO:django.utils.autoreload:/home/ash/PycharmProjects/ImpactWebsite/api/serializers.py changed, reloading.
INFO:django.utils.autoreload:Watching for file changes with StatReloader
INFO:django.utils.autoreload:/home/ash/PycharmProjects/ImpactWebsite/api/serializers.py changed, reloading.
INFO:django.utils.autoreload:Watching for file changes with StatReloader
INFO:django.utils.autoreload:/home/ash/PycharmProjects/ImpactWebsite/api/serializers.py changed, reloading.
INFO:django.utils.autoreload:Watching for file changes with StatReloader
INFO:root:Hitting database and adding to cache for Whats on posts at access level 0
ERROR:django.request:Internal Server Error: /api/posting/get/10
Traceback (most recent call last):
  File "/home/ash/miniconda3/envs/ImpactWebsite/lib/python3.7/site-packages/django/core/handlers/exception.py", line 34, in inner
    response = get_response(request)
  File "/home/ash/miniconda3/envs/ImpactWebsite/lib/python3.7/site-packages/django/core/handlers/base.py", line 115, in _get_response
    response = self.process_exception_by_middleware(e, request)
  File "/home/ash/miniconda3/envs/ImpactWebsite/lib/python3.7/site-packages/django/core/handlers/base.py", line 113, in _get_response
    response = wrapped_callback(request, *callback_args, **callback_kwargs)
  File "/home/ash/miniconda3/envs/ImpactWebsite/lib/python3.7/site-packages/django/views/decorators/csrf.py", line 54, in wrapped_view
    return view_func(*args, **kwargs)
  File "/home/ash/miniconda3/envs/ImpactWebsite/lib/python3.7/site-packages/django/views/generic/base.py", line 71, in view
    return self.dispatch(request, *args, **kwargs)
  File "/home/ash/miniconda3/envs/ImpactWebsite/lib/python3.7/site-packages/rest_framework/views.py", line 505, in dispatch
    response = self.handle_exception(exc)
  File "/home/ash/miniconda3/envs/ImpactWebsite/lib/python3.7/site-packages/rest_framework/views.py", line 465, in handle_exception
    self.raise_uncaught_exception(exc)
  File "/home/ash/miniconda3/envs/ImpactWebsite/lib/python3.7/site-packages/rest_framework/views.py", line 476, in raise_uncaught_exception
    raise exc
  File "/home/ash/miniconda3/envs/ImpactWebsite/lib/python3.7/site-packages/rest_framework/views.py", line 502, in dispatch
    response = handler(request, *args, **kwargs)
  File "/home/ash/PycharmProjects/ImpactWebsite/api/views.py", line 79, in get
    return http.JsonResponse(serialized.data, safe=False)
  File "/home/ash/miniconda3/envs/ImpactWebsite/lib/python3.7/site-packages/rest_framework/serializers.py", line 760, in data
    ret = super().data
  File "/home/ash/miniconda3/envs/ImpactWebsite/lib/python3.7/site-packages/rest_framework/serializers.py", line 260, in data
    self._data = self.to_representation(self.instance)
  File "/home/ash/miniconda3/envs/ImpactWebsite/lib/python3.7/site-packages/rest_framework/serializers.py", line 678, in to_representation
    self.child.to_representation(item) for item in iterable
  File "/home/ash/miniconda3/envs/ImpactWebsite/lib/python3.7/site-packages/rest_framework/serializers.py", line 678, in <listcomp>
    self.child.to_representation(item) for item in iterable
  File "/home/ash/miniconda3/envs/ImpactWebsite/lib/python3.7/site-packages/rest_framework/serializers.py", line 514, in to_representation
    for field in fields:
  File "/home/ash/miniconda3/envs/ImpactWebsite/lib/python3.7/site-packages/rest_framework/serializers.py", line 375, in _readable_fields
    for field in self.fields.values():
  File "/home/ash/miniconda3/envs/ImpactWebsite/lib/python3.7/site-packages/django/utils/functional.py", line 80, in __get__
    res = instance.__dict__[self.name] = self.func(instance)
  File "/home/ash/miniconda3/envs/ImpactWebsite/lib/python3.7/site-packages/rest_framework/serializers.py", line 363, in fields
    for key, value in self.get_fields().items():
  File "/home/ash/miniconda3/envs/ImpactWebsite/lib/python3.7/site-packages/rest_framework/serializers.py", line 1038, in get_fields
    field_names = self.get_field_names(declared_fields, info)
  File "/home/ash/miniconda3/envs/ImpactWebsite/lib/python3.7/site-packages/rest_framework/serializers.py", line 1139, in get_field_names
    serializer_class=self.__class__.__name__
AssertionError: The field 'author_name' was declared on serializer PostSerializer, but has not been included in the 'fields' option.
WARNING:django.request:Not Found: /favicon.ico
INFO:django.utils.autoreload:/home/ash/PycharmProjects/ImpactWebsite/api/serializers.py changed, reloading.
INFO:django.utils.autoreload:Watching for file changes with StatReloader
INFO:root:Hitting database and adding to cache for Whats on posts at access level 0
INFO:django.utils.autoreload:/home/ash/PycharmProjects/ImpactWebsite/api/serializers.py changed, reloading.
INFO:django.utils.autoreload:Watching for file changes with StatReloader
INFO:root:Hitting database and adding to cache for Whats on posts at access level 0
INFO:django.utils.autoreload:/home/ash/PycharmProjects/ImpactWebsite/api/serializers.py changed, reloading.
INFO:django.utils.autoreload:Watching for file changes with StatReloader
INFO:root:Hitting database and adding to cache for Whats on posts at access level 0
ERROR:django.request:Internal Server Error: /api/posting/get/10
Traceback (most recent call last):
  File "/home/ash/miniconda3/envs/ImpactWebsite/lib/python3.7/site-packages/django/core/handlers/exception.py", line 34, in inner
    response = get_response(request)
  File "/home/ash/miniconda3/envs/ImpactWebsite/lib/python3.7/site-packages/django/core/handlers/base.py", line 115, in _get_response
    response = self.process_exception_by_middleware(e, request)
  File "/home/ash/miniconda3/envs/ImpactWebsite/lib/python3.7/site-packages/django/core/handlers/base.py", line 113, in _get_response
    response = wrapped_callback(request, *callback_args, **callback_kwargs)
  File "/home/ash/miniconda3/envs/ImpactWebsite/lib/python3.7/site-packages/django/views/decorators/csrf.py", line 54, in wrapped_view
    return view_func(*args, **kwargs)
  File "/home/ash/miniconda3/envs/ImpactWebsite/lib/python3.7/site-packages/django/views/generic/base.py", line 71, in view
    return self.dispatch(request, *args, **kwargs)
  File "/home/ash/miniconda3/envs/ImpactWebsite/lib/python3.7/site-packages/rest_framework/views.py", line 505, in dispatch
    response = self.handle_exception(exc)
  File "/home/ash/miniconda3/envs/ImpactWebsite/lib/python3.7/site-packages/rest_framework/views.py", line 465, in handle_exception
    self.raise_uncaught_exception(exc)
  File "/home/ash/miniconda3/envs/ImpactWebsite/lib/python3.7/site-packages/rest_framework/views.py", line 476, in raise_uncaught_exception
    raise exc
  File "/home/ash/miniconda3/envs/ImpactWebsite/lib/python3.7/site-packages/rest_framework/views.py", line 502, in dispatch
    response = handler(request, *args, **kwargs)
  File "/home/ash/PycharmProjects/ImpactWebsite/api/views.py", line 79, in get
    return http.JsonResponse(serialized.data, safe=False)
  File "/home/ash/miniconda3/envs/ImpactWebsite/lib/python3.7/site-packages/rest_framework/serializers.py", line 760, in data
    ret = super().data
  File "/home/ash/miniconda3/envs/ImpactWebsite/lib/python3.7/site-packages/rest_framework/serializers.py", line 260, in data
    self._data = self.to_representation(self.instance)
  File "/home/ash/miniconda3/envs/ImpactWebsite/lib/python3.7/site-packages/rest_framework/serializers.py", line 678, in to_representation
    self.child.to_representation(item) for item in iterable
  File "/home/ash/miniconda3/envs/ImpactWebsite/lib/python3.7/site-packages/rest_framework/serializers.py", line 678, in <listcomp>
    self.child.to_representation(item) for item in iterable
  File "/home/ash/miniconda3/envs/ImpactWebsite/lib/python3.7/site-packages/rest_framework/serializers.py", line 514, in to_representation
    for field in fields:
  File "/home/ash/miniconda3/envs/ImpactWebsite/lib/python3.7/site-packages/rest_framework/serializers.py", line 375, in _readable_fields
    for field in self.fields.values():
  File "/home/ash/miniconda3/envs/ImpactWebsite/lib/python3.7/site-packages/django/utils/functional.py", line 80, in __get__
    res = instance.__dict__[self.name] = self.func(instance)
  File "/home/ash/miniconda3/envs/ImpactWebsite/lib/python3.7/site-packages/rest_framework/serializers.py", line 363, in fields
    for key, value in self.get_fields().items():
  File "/home/ash/miniconda3/envs/ImpactWebsite/lib/python3.7/site-packages/rest_framework/serializers.py", line 1038, in get_fields
    field_names = self.get_field_names(declared_fields, info)
  File "/home/ash/miniconda3/envs/ImpactWebsite/lib/python3.7/site-packages/rest_framework/serializers.py", line 1139, in get_field_names
    serializer_class=self.__class__.__name__
AssertionError: The field 'author_name' was declared on serializer PostSerializer, but has not been included in the 'fields' option.
INFO:django.utils.autoreload:/home/ash/PycharmProjects/ImpactWebsite/api/serializers.py changed, reloading.
INFO:django.utils.autoreload:Watching for file changes with StatReloader
INFO:root:Hitting database and adding to cache for Whats on posts at access level 0
INFO:django.utils.autoreload:/home/ash/PycharmProjects/ImpactWebsite/api/serializers.py changed, reloading.
INFO:django.utils.autoreload:Watching for file changes with StatReloader
INFO:root:Hitting database and adding to cache for Whats on posts at access level 0
ERROR:django.request:Internal Server Error: /api/posting/get/10
Traceback (most recent call last):
  File "/home/ash/miniconda3/envs/ImpactWebsite/lib/python3.7/site-packages/django/core/handlers/exception.py", line 34, in inner
    response = get_response(request)
  File "/home/ash/miniconda3/envs/ImpactWebsite/lib/python3.7/site-packages/django/core/handlers/base.py", line 115, in _get_response
    response = self.process_exception_by_middleware(e, request)
  File "/home/ash/miniconda3/envs/ImpactWebsite/lib/python3.7/site-packages/django/core/handlers/base.py", line 113, in _get_response
    response = wrapped_callback(request, *callback_args, **callback_kwargs)
  File "/home/ash/miniconda3/envs/ImpactWebsite/lib/python3.7/site-packages/django/views/decorators/csrf.py", line 54, in wrapped_view
    return view_func(*args, **kwargs)
  File "/home/ash/miniconda3/envs/ImpactWebsite/lib/python3.7/site-packages/django/views/generic/base.py", line 71, in view
    return self.dispatch(request, *args, **kwargs)
  File "/home/ash/miniconda3/envs/ImpactWebsite/lib/python3.7/site-packages/rest_framework/views.py", line 505, in dispatch
    response = self.handle_exception(exc)
  File "/home/ash/miniconda3/envs/ImpactWebsite/lib/python3.7/site-packages/rest_framework/views.py", line 465, in handle_exception
    self.raise_uncaught_exception(exc)
  File "/home/ash/miniconda3/envs/ImpactWebsite/lib/python3.7/site-packages/rest_framework/views.py", line 476, in raise_uncaught_exception
    raise exc
  File "/home/ash/miniconda3/envs/ImpactWebsite/lib/python3.7/site-packages/rest_framework/views.py", line 502, in dispatch
    response = handler(request, *args, **kwargs)
  File "/home/ash/PycharmProjects/ImpactWebsite/api/views.py", line 79, in get
    return http.JsonResponse(serialized.data, safe=False)
  File "/home/ash/miniconda3/envs/ImpactWebsite/lib/python3.7/site-packages/django/http/response.py", line 558, in __init__
    data = json.dumps(data, cls=encoder, **json_dumps_params)
  File "/home/ash/miniconda3/envs/ImpactWebsite/lib/python3.7/json/__init__.py", line 238, in dumps
    **kw).encode(obj)
  File "/home/ash/miniconda3/envs/ImpactWebsite/lib/python3.7/json/encoder.py", line 199, in encode
    chunks = self.iterencode(o, _one_shot=True)
  File "/home/ash/miniconda3/envs/ImpactWebsite/lib/python3.7/json/encoder.py", line 257, in iterencode
    return _iterencode(o, 0)
  File "/home/ash/miniconda3/envs/ImpactWebsite/lib/python3.7/site-packages/django/core/serializers/json.py", line 104, in default
    return super().default(o)
  File "/home/ash/miniconda3/envs/ImpactWebsite/lib/python3.7/json/encoder.py", line 179, in default
    raise TypeError(f'Object of type {o.__class__.__name__} '
TypeError: Object of type Post is not JSON serializable
INFO:django.utils.autoreload:/home/ash/PycharmProjects/ImpactWebsite/api/serializers.py changed, reloading.
INFO:django.utils.autoreload:Watching for file changes with StatReloader
INFO:django.utils.autoreload:/home/ash/PycharmProjects/ImpactWebsite/api/serializers.py changed, reloading.
INFO:django.utils.autoreload:Watching for file changes with StatReloader
INFO:root:Hitting database and adding to cache for Whats on posts at access level 0
ERROR:django.request:Internal Server Error: /api/posting/get/10
Traceback (most recent call last):
  File "/home/ash/miniconda3/envs/ImpactWebsite/lib/python3.7/site-packages/django/core/handlers/exception.py", line 34, in inner
    response = get_response(request)
  File "/home/ash/miniconda3/envs/ImpactWebsite/lib/python3.7/site-packages/django/core/handlers/base.py", line 115, in _get_response
    response = self.process_exception_by_middleware(e, request)
  File "/home/ash/miniconda3/envs/ImpactWebsite/lib/python3.7/site-packages/django/core/handlers/base.py", line 113, in _get_response
    response = wrapped_callback(request, *callback_args, **callback_kwargs)
  File "/home/ash/miniconda3/envs/ImpactWebsite/lib/python3.7/site-packages/django/views/decorators/csrf.py", line 54, in wrapped_view
    return view_func(*args, **kwargs)
  File "/home/ash/miniconda3/envs/ImpactWebsite/lib/python3.7/site-packages/django/views/generic/base.py", line 71, in view
    return self.dispatch(request, *args, **kwargs)
  File "/home/ash/miniconda3/envs/ImpactWebsite/lib/python3.7/site-packages/rest_framework/views.py", line 505, in dispatch
    response = self.handle_exception(exc)
  File "/home/ash/miniconda3/envs/ImpactWebsite/lib/python3.7/site-packages/rest_framework/views.py", line 465, in handle_exception
    self.raise_uncaught_exception(exc)
  File "/home/ash/miniconda3/envs/ImpactWebsite/lib/python3.7/site-packages/rest_framework/views.py", line 476, in raise_uncaught_exception
    raise exc
  File "/home/ash/miniconda3/envs/ImpactWebsite/lib/python3.7/site-packages/rest_framework/views.py", line 502, in dispatch
    response = handler(request, *args, **kwargs)
  File "/home/ash/PycharmProjects/ImpactWebsite/api/views.py", line 79, in get
    return http.JsonResponse(serialized.data, safe=False)
  File "/home/ash/miniconda3/envs/ImpactWebsite/lib/python3.7/site-packages/django/http/response.py", line 558, in __init__
    data = json.dumps(data, cls=encoder, **json_dumps_params)
  File "/home/ash/miniconda3/envs/ImpactWebsite/lib/python3.7/json/__init__.py", line 238, in dumps
    **kw).encode(obj)
  File "/home/ash/miniconda3/envs/ImpactWebsite/lib/python3.7/json/encoder.py", line 199, in encode
    chunks = self.iterencode(o, _one_shot=True)
  File "/home/ash/miniconda3/envs/ImpactWebsite/lib/python3.7/json/encoder.py", line 257, in iterencode
    return _iterencode(o, 0)
  File "/home/ash/miniconda3/envs/ImpactWebsite/lib/python3.7/site-packages/django/core/serializers/json.py", line 104, in default
    return super().default(o)
  File "/home/ash/miniconda3/envs/ImpactWebsite/lib/python3.7/json/encoder.py", line 179, in default
    raise TypeError(f'Object of type {o.__class__.__name__} '
TypeError: Object of type User is not JSON serializable
INFO:django.utils.autoreload:/home/ash/PycharmProjects/ImpactWebsite/api/serializers.py changed, reloading.
INFO:django.utils.autoreload:Watching for file changes with StatReloader
INFO:root:Hitting database and adding to cache for Whats on posts at access level 0
ERROR:django.request:Internal Server Error: /api/posting/get/10
Traceback (most recent call last):
  File "/home/ash/miniconda3/envs/ImpactWebsite/lib/python3.7/site-packages/django/core/handlers/exception.py", line 34, in inner
    response = get_response(request)
  File "/home/ash/miniconda3/envs/ImpactWebsite/lib/python3.7/site-packages/django/core/handlers/base.py", line 115, in _get_response
    response = self.process_exception_by_middleware(e, request)
  File "/home/ash/miniconda3/envs/ImpactWebsite/lib/python3.7/site-packages/django/core/handlers/base.py", line 113, in _get_response
    response = wrapped_callback(request, *callback_args, **callback_kwargs)
  File "/home/ash/miniconda3/envs/ImpactWebsite/lib/python3.7/site-packages/django/views/decorators/csrf.py", line 54, in wrapped_view
    return view_func(*args, **kwargs)
  File "/home/ash/miniconda3/envs/ImpactWebsite/lib/python3.7/site-packages/django/views/generic/base.py", line 71, in view
    return self.dispatch(request, *args, **kwargs)
  File "/home/ash/miniconda3/envs/ImpactWebsite/lib/python3.7/site-packages/rest_framework/views.py", line 505, in dispatch
    response = self.handle_exception(exc)
  File "/home/ash/miniconda3/envs/ImpactWebsite/lib/python3.7/site-packages/rest_framework/views.py", line 465, in handle_exception
    self.raise_uncaught_exception(exc)
  File "/home/ash/miniconda3/envs/ImpactWebsite/lib/python3.7/site-packages/rest_framework/views.py", line 476, in raise_uncaught_exception
    raise exc
  File "/home/ash/miniconda3/envs/ImpactWebsite/lib/python3.7/site-packages/rest_framework/views.py", line 502, in dispatch
    response = handler(request, *args, **kwargs)
  File "/home/ash/PycharmProjects/ImpactWebsite/api/views.py", line 79, in get
    return http.JsonResponse(serialized.data, safe=False)
  File "/home/ash/miniconda3/envs/ImpactWebsite/lib/python3.7/site-packages/rest_framework/serializers.py", line 760, in data
    ret = super().data
  File "/home/ash/miniconda3/envs/ImpactWebsite/lib/python3.7/site-packages/rest_framework/serializers.py", line 260, in data
    self._data = self.to_representation(self.instance)
  File "/home/ash/miniconda3/envs/ImpactWebsite/lib/python3.7/site-packages/rest_framework/serializers.py", line 678, in to_representation
    self.child.to_representation(item) for item in iterable
  File "/home/ash/miniconda3/envs/ImpactWebsite/lib/python3.7/site-packages/rest_framework/serializers.py", line 678, in <listcomp>
    self.child.to_representation(item) for item in iterable
  File "/home/ash/miniconda3/envs/ImpactWebsite/lib/python3.7/site-packages/rest_framework/serializers.py", line 529, in to_representation
    ret[field.field_name] = field.to_representation(attribute)
  File "/home/ash/miniconda3/envs/ImpactWebsite/lib/python3.7/site-packages/rest_framework/fields.py", line 1905, in to_representation
    return method(value)
  File "/home/ash/PycharmProjects/ImpactWebsite/api/serializers.py", line 32, in get_author_name
    return self.author
AttributeError: 'PostSerializer' object has no attribute 'author'
INFO:django.utils.autoreload:/home/ash/PycharmProjects/ImpactWebsite/api/serializers.py changed, reloading.
INFO:django.utils.autoreload:Watching for file changes with StatReloader
INFO:root:Hitting database and adding to cache for Whats on posts at access level 0
INFO:django.utils.autoreload:/home/ash/PycharmProjects/ImpactWebsite/api/serializers.py changed, reloading.
INFO:django.utils.autoreload:Watching for file changes with StatReloader
INFO:root:Hitting database and adding to cache for Whats on posts at access level 0
WARNING:django.request:Not Found: /api/posting/get/
INFO:root:Hitting database and adding to cache for Whats on posts at access level 0
INFO:root:Hitting cache for Whats on posts at access level 0
INFO:root:Hitting cache for Whats on posts at access level 0
INFO:root:Hitting cache for Whats on posts at access level 0
INFO:root:Hitting cache for Whats on posts at access level 0
INFO:root:Hitting database and adding to cache for Whats on posts at access level 0
INFO:root:Hitting cache for Whats on posts at access level 0
INFO:root:Hitting cache for Whats on posts at access level 0
INFO:root:Hitting database and adding to cache for Whats on posts at access level 0
INFO:root:Hitting cache for Whats on posts at access level 0
INFO:root:Hitting cache for Whats on posts at access level 0
INFO:root:Hitting database and adding to cache for Whats on posts at access level 0
INFO:root:Hitting cache for Whats on posts at access level 0
INFO:root:Hitting cache for Whats on posts at access level 0
INFO:root:Hitting cache for Whats on posts at access level 0
INFO:root:Hitting cache for Whats on posts at access level 0
INFO:root:Hitting cache for Whats on posts at access level 0
INFO:root:Hitting cache for Whats on posts at access level 0
INFO:root:Hitting cache for Whats on posts at access level 0
INFO:root:Hitting cache for Whats on posts at access level 0
INFO:root:Hitting cache for Whats on posts at access level 0
INFO:django.utils.autoreload:/home/ash/PycharmProjects/ImpactWebsite/api/views.py changed, reloading.
INFO:django.utils.autoreload:Watching for file changes with StatReloader
INFO:root:Hitting database and adding to cache for Whats on posts at access level 0
INFO:root:Hitting cache for Whats on posts at access level 0
INFO:root:Hitting cache for Whats on posts at access level 0
INFO:django.utils.autoreload:/home/ash/PycharmProjects/ImpactWebsite/api/views.py changed, reloading.
INFO:django.utils.autoreload:Watching for file changes with StatReloader
INFO:django.utils.autoreload:/home/ash/PycharmProjects/ImpactWebsite/api/views.py changed, reloading.
INFO:django.utils.autoreload:Watching for file changes with StatReloader
INFO:django.utils.autoreload:/home/ash/PycharmProjects/ImpactWebsite/ImpactWebsite/settings.py changed, reloading.
INFO:django.utils.autoreload:Watching for file changes with StatReloader
INFO:django.utils.autoreload:/home/ash/PycharmProjects/ImpactWebsite/ImpactWebsite/settings.py changed, reloading.
INFO:django.utils.autoreload:Watching for file changes with StatReloader
INFO:root:Hitting database and adding to cache for Whats on posts at access level 0
INFO:root:Hitting cache for Whats on posts at access level 0
INFO:django.utils.autoreload:/home/ash/PycharmProjects/ImpactWebsite/api/views.py changed, reloading.
INFO:django.utils.autoreload:Watching for file changes with StatReloader
INFO:django.utils.autoreload:/home/ash/PycharmProjects/ImpactWebsite/api/views.py changed, reloading.
INFO:django.utils.autoreload:Watching for file changes with StatReloader
INFO:root:Hitting database and adding to cache for Whats on posts at access level 0
INFO:django.utils.autoreload:/home/ash/PycharmProjects/ImpactWebsite/api/views.py changed, reloading.
INFO:django.utils.autoreload:Watching for file changes with StatReloader
INFO:django.utils.autoreload:/home/ash/PycharmProjects/ImpactWebsite/api/views.py changed, reloading.
INFO:django.utils.autoreload:Watching for file changes with StatReloader
INFO:root:Hitting database and adding to cache for Whats on posts at access level 0
WARNING:root:Had to update access level for Ash from 1 to 3
INFO:root:Hitting database and adding to cache for Whats on posts at access level 3
INFO:django.utils.autoreload:/home/ash/PycharmProjects/ImpactWebsite/api/views.py changed, reloading.
INFO:django.utils.autoreload:Watching for file changes with StatReloader
INFO:django.utils.autoreload:/home/ash/PycharmProjects/ImpactWebsite/ImpactWebsite/settings.py changed, reloading.
INFO:django.utils.autoreload:Watching for file changes with StatReloader
INFO:django.utils.autoreload:/home/ash/PycharmProjects/ImpactWebsite/ImpactWebsite/settings.py changed, reloading.
INFO:django.utils.autoreload:Watching for file changes with StatReloader
INFO:root:Hitting database and adding to cache for Whats on posts at access level 3
INFO:root:Hitting cache for Whats on posts at access level 3
INFO:root:Hitting cache for Whats on posts at access level 3
WARNING:django.request:Not Found: /favicon.ico
WARNING:django.request:Not Found: /favicon.ico
INFO:root:Hitting database and adding to cache for Whats on posts at access level 3
INFO:root:Hitting cache for Whats on posts at access level 3
INFO:root:Hitting cache for Whats on posts at access level 3
INFO:root:Hitting cache for Whats on posts at access level 3
INFO:root:Hitting cache for Whats on posts at access level 3
INFO:root:Hitting cache for Whats on posts at access level 3
INFO:root:Hitting cache for Whats on posts at access level 3
INFO:root:Hitting cache for Whats on posts at access level 3
INFO:root:Hitting cache for Whats on posts at access level 3
INFO:root:Hitting cache for Whats on posts at access level 3
INFO:django.utils.autoreload:/home/ash/PycharmProjects/ImpactWebsite/api/views.py changed, reloading.
INFO:django.utils.autoreload:Watching for file changes with StatReloader
INFO:django.utils.autoreload:/home/ash/PycharmProjects/ImpactWebsite/api/views.py changed, reloading.
INFO:django.utils.autoreload:Watching for file changes with StatReloader
INFO:django.utils.autoreload:/home/ash/PycharmProjects/ImpactWebsite/api/urls.py changed, reloading.
INFO:django.utils.autoreload:Watching for file changes with StatReloader
INFO:django.utils.autoreload:/home/ash/PycharmProjects/ImpactWebsite/api/urls.py changed, reloading.
INFO:django.utils.autoreload:Watching for file changes with StatReloader
INFO:django.utils.autoreload:/home/ash/PycharmProjects/ImpactWebsite/api/urls.py changed, reloading.
INFO:django.utils.autoreload:Watching for file changes with StatReloader
INFO:root:Hitting database and adding to cache for Whats on posts at access level 3
INFO:root:Hitting cache for Whats on posts at access level 3
WARNING:django.request:Not Found: /api/posting/new/
INFO:root:Hitting cache for Whats on posts at access level 3
WARNING:django.request:Not Found: /api/posting/new/
INFO:django.utils.autoreload:/home/ash/PycharmProjects/ImpactWebsite/api/urls.py changed, reloading.
INFO:django.utils.autoreload:Watching for file changes with StatReloader
ERROR:django.request:Internal Server Error: /api/posting/new/
Traceback (most recent call last):
  File "/home/ash/miniconda3/envs/ImpactWebsite/lib/python3.7/site-packages/django/core/handlers/exception.py", line 34, in inner
    response = get_response(request)
  File "/home/ash/miniconda3/envs/ImpactWebsite/lib/python3.7/site-packages/django/core/handlers/base.py", line 115, in _get_response
    response = self.process_exception_by_middleware(e, request)
  File "/home/ash/miniconda3/envs/ImpactWebsite/lib/python3.7/site-packages/django/core/handlers/base.py", line 113, in _get_response
    response = wrapped_callback(request, *callback_args, **callback_kwargs)
  File "/home/ash/miniconda3/envs/ImpactWebsite/lib/python3.7/site-packages/django/views/decorators/csrf.py", line 54, in wrapped_view
    return view_func(*args, **kwargs)
  File "/home/ash/miniconda3/envs/ImpactWebsite/lib/python3.7/site-packages/django/views/generic/base.py", line 71, in view
    return self.dispatch(request, *args, **kwargs)
  File "/home/ash/miniconda3/envs/ImpactWebsite/lib/python3.7/site-packages/rest_framework/views.py", line 505, in dispatch
    response = self.handle_exception(exc)
  File "/home/ash/miniconda3/envs/ImpactWebsite/lib/python3.7/site-packages/rest_framework/views.py", line 465, in handle_exception
    self.raise_uncaught_exception(exc)
  File "/home/ash/miniconda3/envs/ImpactWebsite/lib/python3.7/site-packages/rest_framework/views.py", line 476, in raise_uncaught_exception
    raise exc
  File "/home/ash/miniconda3/envs/ImpactWebsite/lib/python3.7/site-packages/rest_framework/views.py", line 502, in dispatch
    response = handler(request, *args, **kwargs)
  File "/home/ash/PycharmProjects/ImpactWebsite/api/views.py", line 96, in post
    post = posting_models.Post(title=json_raw['title'], content=json_raw['content'], author=request.user,
TypeError: byte indices must be integers or slices, not str
INFO:django.utils.autoreload:/home/ash/PycharmProjects/ImpactWebsite/api/views.py changed, reloading.
INFO:django.utils.autoreload:Watching for file changes with StatReloader
ERROR:django.request:Internal Server Error: /api/posting/new/
Traceback (most recent call last):
  File "/home/ash/miniconda3/envs/ImpactWebsite/lib/python3.7/site-packages/django/core/handlers/exception.py", line 34, in inner
    response = get_response(request)
  File "/home/ash/miniconda3/envs/ImpactWebsite/lib/python3.7/site-packages/django/core/handlers/base.py", line 115, in _get_response
    response = self.process_exception_by_middleware(e, request)
  File "/home/ash/miniconda3/envs/ImpactWebsite/lib/python3.7/site-packages/django/core/handlers/base.py", line 113, in _get_response
    response = wrapped_callback(request, *callback_args, **callback_kwargs)
  File "/home/ash/miniconda3/envs/ImpactWebsite/lib/python3.7/site-packages/django/views/decorators/csrf.py", line 54, in wrapped_view
    return view_func(*args, **kwargs)
  File "/home/ash/miniconda3/envs/ImpactWebsite/lib/python3.7/site-packages/django/views/generic/base.py", line 71, in view
    return self.dispatch(request, *args, **kwargs)
  File "/home/ash/miniconda3/envs/ImpactWebsite/lib/python3.7/site-packages/rest_framework/views.py", line 505, in dispatch
    response = self.handle_exception(exc)
  File "/home/ash/miniconda3/envs/ImpactWebsite/lib/python3.7/site-packages/rest_framework/views.py", line 465, in handle_exception
    self.raise_uncaught_exception(exc)
  File "/home/ash/miniconda3/envs/ImpactWebsite/lib/python3.7/site-packages/rest_framework/views.py", line 476, in raise_uncaught_exception
    raise exc
  File "/home/ash/miniconda3/envs/ImpactWebsite/lib/python3.7/site-packages/rest_framework/views.py", line 502, in dispatch
    response = handler(request, *args, **kwargs)
  File "/home/ash/PycharmProjects/ImpactWebsite/api/views.py", line 94, in post
    json_raw = json.loads(request.body)
  File "/home/ash/miniconda3/envs/ImpactWebsite/lib/python3.7/json/__init__.py", line 348, in loads
    return _default_decoder.decode(s)
  File "/home/ash/miniconda3/envs/ImpactWebsite/lib/python3.7/json/decoder.py", line 337, in decode
    obj, end = self.raw_decode(s, idx=_w(s, 0).end())
  File "/home/ash/miniconda3/envs/ImpactWebsite/lib/python3.7/json/decoder.py", line 355, in raw_decode
    raise JSONDecodeError("Expecting value", s, err.value) from None
json.decoder.JSONDecodeError: Expecting value: line 1 column 1 (char 0)
INFO:django.utils.autoreload:/home/ash/PycharmProjects/ImpactWebsite/api/views.py changed, reloading.
INFO:django.utils.autoreload:Watching for file changes with StatReloader
ERROR:django.request:Internal Server Error: /api/posting/new/
Traceback (most recent call last):
  File "/home/ash/miniconda3/envs/ImpactWebsite/lib/python3.7/site-packages/django/core/handlers/exception.py", line 34, in inner
    response = get_response(request)
  File "/home/ash/miniconda3/envs/ImpactWebsite/lib/python3.7/site-packages/django/core/handlers/base.py", line 115, in _get_response
    response = self.process_exception_by_middleware(e, request)
  File "/home/ash/miniconda3/envs/ImpactWebsite/lib/python3.7/site-packages/django/core/handlers/base.py", line 113, in _get_response
    response = wrapped_callback(request, *callback_args, **callback_kwargs)
  File "/home/ash/miniconda3/envs/ImpactWebsite/lib/python3.7/site-packages/django/views/decorators/csrf.py", line 54, in wrapped_view
    return view_func(*args, **kwargs)
  File "/home/ash/miniconda3/envs/ImpactWebsite/lib/python3.7/site-packages/django/views/generic/base.py", line 71, in view
    return self.dispatch(request, *args, **kwargs)
  File "/home/ash/miniconda3/envs/ImpactWebsite/lib/python3.7/site-packages/rest_framework/views.py", line 505, in dispatch
    response = self.handle_exception(exc)
  File "/home/ash/miniconda3/envs/ImpactWebsite/lib/python3.7/site-packages/rest_framework/views.py", line 465, in handle_exception
    self.raise_uncaught_exception(exc)
  File "/home/ash/miniconda3/envs/ImpactWebsite/lib/python3.7/site-packages/rest_framework/views.py", line 476, in raise_uncaught_exception
    raise exc
  File "/home/ash/miniconda3/envs/ImpactWebsite/lib/python3.7/site-packages/rest_framework/views.py", line 502, in dispatch
    response = handler(request, *args, **kwargs)
  File "/home/ash/PycharmProjects/ImpactWebsite/api/views.py", line 95, in post
    json_raw = json.loads(request.body)
  File "/home/ash/miniconda3/envs/ImpactWebsite/lib/python3.7/json/__init__.py", line 348, in loads
    return _default_decoder.decode(s)
  File "/home/ash/miniconda3/envs/ImpactWebsite/lib/python3.7/json/decoder.py", line 337, in decode
    obj, end = self.raw_decode(s, idx=_w(s, 0).end())
  File "/home/ash/miniconda3/envs/ImpactWebsite/lib/python3.7/json/decoder.py", line 355, in raw_decode
    raise JSONDecodeError("Expecting value", s, err.value) from None
json.decoder.JSONDecodeError: Expecting value: line 1 column 1 (char 0)
INFO:root:Hitting database and adding to cache for Whats on posts at access level 3
ERROR:django.request:Internal Server Error: /api/posting/new/
Traceback (most recent call last):
  File "/home/ash/miniconda3/envs/ImpactWebsite/lib/python3.7/site-packages/django/core/handlers/exception.py", line 34, in inner
    response = get_response(request)
  File "/home/ash/miniconda3/envs/ImpactWebsite/lib/python3.7/site-packages/django/core/handlers/base.py", line 115, in _get_response
    response = self.process_exception_by_middleware(e, request)
  File "/home/ash/miniconda3/envs/ImpactWebsite/lib/python3.7/site-packages/django/core/handlers/base.py", line 113, in _get_response
    response = wrapped_callback(request, *callback_args, **callback_kwargs)
  File "/home/ash/miniconda3/envs/ImpactWebsite/lib/python3.7/site-packages/django/views/decorators/csrf.py", line 54, in wrapped_view
    return view_func(*args, **kwargs)
  File "/home/ash/miniconda3/envs/ImpactWebsite/lib/python3.7/site-packages/django/views/generic/base.py", line 71, in view
    return self.dispatch(request, *args, **kwargs)
  File "/home/ash/miniconda3/envs/ImpactWebsite/lib/python3.7/site-packages/rest_framework/views.py", line 505, in dispatch
    response = self.handle_exception(exc)
  File "/home/ash/miniconda3/envs/ImpactWebsite/lib/python3.7/site-packages/rest_framework/views.py", line 465, in handle_exception
    self.raise_uncaught_exception(exc)
  File "/home/ash/miniconda3/envs/ImpactWebsite/lib/python3.7/site-packages/rest_framework/views.py", line 476, in raise_uncaught_exception
    raise exc
  File "/home/ash/miniconda3/envs/ImpactWebsite/lib/python3.7/site-packages/rest_framework/views.py", line 502, in dispatch
    response = handler(request, *args, **kwargs)
  File "/home/ash/PycharmProjects/ImpactWebsite/api/views.py", line 99, in post
    post.save()
  File "/home/ash/miniconda3/envs/ImpactWebsite/lib/python3.7/site-packages/django/db/models/base.py", line 741, in save
    force_update=force_update, update_fields=update_fields)
  File "/home/ash/miniconda3/envs/ImpactWebsite/lib/python3.7/site-packages/django/db/models/base.py", line 779, in save_base
    force_update, using, update_fields,
  File "/home/ash/miniconda3/envs/ImpactWebsite/lib/python3.7/site-packages/django/db/models/base.py", line 851, in _save_table
    forced_update)
  File "/home/ash/miniconda3/envs/ImpactWebsite/lib/python3.7/site-packages/django/db/models/base.py", line 900, in _do_update
    return filtered._update(values) > 0
  File "/home/ash/miniconda3/envs/ImpactWebsite/lib/python3.7/site-packages/django/db/models/query.py", line 760, in _update
    return query.get_compiler(self.db).execute_sql(CURSOR)
  File "/home/ash/miniconda3/envs/ImpactWebsite/lib/python3.7/site-packages/django/db/models/sql/compiler.py", line 1429, in execute_sql
    cursor = super().execute_sql(result_type)
  File "/home/ash/miniconda3/envs/ImpactWebsite/lib/python3.7/site-packages/django/db/models/sql/compiler.py", line 1087, in execute_sql
    sql, params = self.as_sql()
  File "/home/ash/miniconda3/envs/ImpactWebsite/lib/python3.7/site-packages/django/db/models/sql/compiler.py", line 1395, in as_sql
    val = field.get_db_prep_save(val, connection=self.connection)
  File "/home/ash/miniconda3/envs/ImpactWebsite/lib/python3.7/site-packages/django/db/models/fields/__init__.py", line 789, in get_db_prep_save
    return self.get_db_prep_value(value, connection=connection, prepared=False)
  File "/home/ash/miniconda3/envs/ImpactWebsite/lib/python3.7/site-packages/django/db/models/fields/__init__.py", line 784, in get_db_prep_value
    value = self.get_prep_value(value)
  File "/home/ash/miniconda3/envs/ImpactWebsite/lib/python3.7/site-packages/django/db/models/fields/__init__.py", line 1821, in get_prep_value
    return int(value)
ValueError: invalid literal for int() with base 10: 'Whats on (Feed post)'
INFO:root:Hitting cache for Whats on posts at access level 3
INFO:django.utils.autoreload:/home/ash/PycharmProjects/ImpactWebsite/api/views.py changed, reloading.
INFO:django.utils.autoreload:Watching for file changes with StatReloader
INFO:root:Hitting database and adding to cache for Whats on posts at access level 3
INFO:django.utils.autoreload:/home/ash/PycharmProjects/ImpactWebsite/api/views.py changed, reloading.
INFO:django.utils.autoreload:Watching for file changes with StatReloader
INFO:django.utils.autoreload:/home/ash/PycharmProjects/ImpactWebsite/posting/models.py changed, reloading.
INFO:django.utils.autoreload:Watching for file changes with StatReloader
INFO:django.utils.autoreload:/home/ash/PycharmProjects/ImpactWebsite/posting/models.py changed, reloading.
INFO:django.utils.autoreload:Watching for file changes with StatReloader
INFO:django.utils.autoreload:Watching for file changes with StatReloader
INFO:root:Hitting database and adding to cache for Whats on posts at access level 3
INFO:root:Hitting cache for Whats on posts at access level 3
INFO:django.utils.autoreload:/home/ash/PycharmProjects/ImpactWebsite/api/views.py changed, reloading.
INFO:django.utils.autoreload:Watching for file changes with StatReloader
INFO:root:Hitting database and adding to cache for Whats on posts at access level 3
INFO:django.utils.autoreload:/home/ash/PycharmProjects/ImpactWebsite/api/views.py changed, reloading.
INFO:django.utils.autoreload:Watching for file changes with StatReloader
INFO:root:Hitting database and adding to cache for Whats on posts at access level 3
INFO:django.utils.autoreload:/home/ash/PycharmProjects/ImpactWebsite/posting/models.py changed, reloading.
INFO:django.utils.autoreload:Watching for file changes with StatReloader
INFO:root:Hitting database and adding to cache for Whats on posts at access level 3
INFO:root:Hitting cache for Whats on posts at access level 3
INFO:root:Hitting cache for Whats on posts at access level 3
INFO:root:Hitting cache for Whats on posts at access level 3
INFO:root:Hitting database and adding to cache for Whats on posts at access level 0
WARNING:django.request:Unauthorized: /api/posting/get/10
WARNING:django.request:Unauthorized: /api/posting/get/10
INFO:django.utils.autoreload:/home/ash/PycharmProjects/ImpactWebsite/api/views.py changed, reloading.
INFO:django.utils.autoreload:Watching for file changes with StatReloader
INFO:root:Hitting database and adding to cache for Whats on posts at access level 0
INFO:root:Hitting cache for Whats on posts at access level 0
INFO:root:Hitting cache for Whats on posts at access level 0
INFO:root:Hitting cache for Whats on posts at access level 0
INFO:root:Hitting cache for Whats on posts at access level 0
INFO:root:Hitting cache for Whats on posts at access level 0
INFO:root:Hitting cache for Whats on posts at access level 0
INFO:root:Hitting cache for Whats on posts at access level 0
INFO:root:Hitting database and adding to cache for Whats on posts at access level 0
INFO:django.utils.autoreload:/home/ash/PycharmProjects/ImpactWebsite/api/views.py changed, reloading.
INFO:django.utils.autoreload:Watching for file changes with StatReloader
INFO:django.utils.autoreload:/home/ash/PycharmProjects/ImpactWebsite/api/views.py changed, reloading.
INFO:django.utils.autoreload:Watching for file changes with StatReloader
INFO:django.utils.autoreload:/home/ash/PycharmProjects/ImpactWebsite/api/views.py changed, reloading.
INFO:django.utils.autoreload:Watching for file changes with StatReloader
INFO:django.utils.autoreload:/home/ash/PycharmProjects/ImpactWebsite/api/urls.py changed, reloading.
INFO:django.utils.autoreload:Watching for file changes with StatReloader
INFO:root:Hitting database and adding to cache for Whats on posts at access level 0
INFO:django.utils.autoreload:/home/ash/PycharmProjects/ImpactWebsite/api/serializers.py changed, reloading.
INFO:django.utils.autoreload:Watching for file changes with StatReloader
INFO:root:Hitting database and adding to cache for Whats on posts at access level 0
INFO:django.utils.autoreload:/home/ash/PycharmProjects/ImpactWebsite/api/serializers.py changed, reloading.
INFO:django.utils.autoreload:Watching for file changes with StatReloader
INFO:root:Hitting database and adding to cache for Whats on posts at access level 0
INFO:django.utils.autoreload:/home/ash/PycharmProjects/ImpactWebsite/api/serializers.py changed, reloading.
INFO:django.utils.autoreload:Watching for file changes with StatReloader
INFO:root:Hitting database and adding to cache for Whats on posts at access level 0
INFO:django.utils.autoreload:/home/ash/PycharmProjects/ImpactWebsite/api/views.py changed, reloading.
INFO:django.utils.autoreload:Watching for file changes with StatReloader
INFO:django.utils.autoreload:Watching for file changes with StatReloader
INFO:django.utils.autoreload:Watching for file changes with StatReloader
WARNING:django.request:Not Found: /favicon.ico
INFO:django.utils.autoreload:Watching for file changes with StatReloader
WARNING:django.request:Not Found: /favicon.ico
WARNING:django.request:Not Found: /static_served/css/defaults.css
WARNING:django.request:Not Found: /static_served/js/cookie_consent.js
WARNING:django.request:Not Found: /static_served/css/header_bar.css
WARNING:django.request:Not Found: /static_served/images/homepage_banner.jfif
WARNING:django.request:Not Found: /static_served/css/defaults.css
WARNING:django.request:Not Found: /static_served/js/cookie_consent.js
WARNING:django.request:Not Found: /static_served/css/header_bar.css
WARNING:django.request:Not Found: /static_served/css/header_bar.css
WARNING:django.request:Not Found: /static_served/images/homepage_banner.jfif
WARNING:django.request:Not Found: /favicon.ico
WARNING:django.request:Not Found: //api/user
WARNING:django.request:Not Found: //api/csrf
WARNING:django.request:Not Found: //api/posting/get/10
WARNING:django.request:Not Found: //api/user
WARNING:django.request:Not Found: //api/auth/user
WARNING:django.request:Not Found: //api/user/
WARNING:django.request:Not Found: //api/csrf
WARNING:django.request:Not Found: /backend/api/csrf
ERROR:django.security.DisallowedHost:Invalid HTTP_HOST header: 'ImpactWebsite'. You may need to add 'impactwebsite' to ALLOWED_HOSTS.
WARNING:django.request:Bad Request: /api/csrf
WARNING:django.request:Not Found: /backend/api/user
WARNING:django.request:Not Found: /backend/api/posting/get/10
WARNING:django.request:Not Found: /backend/api
WARNING:django.request:Not Found: /backend
WARNING:django.request:Not Found: /backend/api
WARNING:django.request:Not Found: /backend/api
WARNING:django.request:Not Found: /backend/api
ERROR:django.security.DisallowedHost:Invalid HTTP_HOST header: 'localhost:81,localhost'. The domain name provided is not valid according to RFC 1034/1035.
WARNING:django.request:Bad Request: /backend/api
ERROR:django.security.DisallowedHost:Invalid HTTP_HOST header: 'localhost:81,localhost'. The domain name provided is not valid according to RFC 1034/1035.
WARNING:django.request:Bad Request: /backend/api
WARNING:django.request:Not Found: /backend/
WARNING:django.request:Not Found: /backend/backend/
WARNING:django.request:Not Found: /backend/backend/
WARNING:django.request:Not Found: /backend/api
WARNING:django.request:Unauthorized: /backend/api/user/
INFO:root:Hitting database and adding to cache for Whats on posts at access level 3
INFO:root:Hitting database and adding to cache for Whats on posts at access level 0
INFO:root:Hitting cache for Whats on posts at access level 0
INFO:root:Hitting cache for Whats on posts at access level 0
INFO:root:Hitting cache for Whats on posts at access level 0
INFO:root:Hitting cache for Whats on posts at access level 0
INFO:root:Hitting cache for Whats on posts at access level 0
INFO:root:Hitting cache for Whats on posts at access level 0
INFO:root:Hitting database and adding to cache for Whats on posts at access level 0
INFO:root:Hitting cache for Whats on posts at access level 0
INFO:root:Hitting cache for Whats on posts at access level 0
INFO:root:Hitting cache for Whats on posts at access level 0
INFO:root:Hitting cache for Whats on posts at access level 0
INFO:root:Hitting cache for Whats on posts at access level 0
